

times in msec
 clock   self+sourced   self:  sourced script
 clock   elapsed:              other lines

000.021  000.021: --- NVIM STARTING ---
000.877  000.856: locale set
008.466  007.588: inits 1
008.504  000.038: window checked
008.515  000.011: parsing arguments
008.854  000.339: expanding arguments
008.934  000.080: inits 2
009.440  000.506: init highlight
009.442  000.002: waiting for UI
013.774  004.332: done waiting for UI
013.798  000.025: initialized screen early for UI
018.148  001.308  001.308: sourcing /usr/local/Cellar/neovim/0.5.0/share/nvim/runtime/syntax/syncolor.vim
019.506  003.222  001.914: sourcing /usr/local/Cellar/neovim/0.5.0/share/nvim/runtime/syntax/synload.vim
031.625  011.767  011.767: sourcing /usr/local/Cellar/neovim/0.5.0/share/nvim/runtime/filetype.vim
034.367  001.715  001.715: sourcing /usr/local/Cellar/neovim/0.5.0/share/nvim/runtime/scripts.vim
034.887  019.519  002.814: sourcing /usr/local/Cellar/neovim/0.5.0/share/nvim/runtime/syntax/syntax.vim
037.458  002.330  002.330: sourcing /usr/local/Cellar/neovim/0.5.0/share/nvim/runtime/ftoff.vim
046.568  008.461  008.461: sourcing /usr/local/Cellar/neovim/0.5.0/share/nvim/runtime/filetype.vim
047.912  000.769  000.769: sourcing /usr/local/Cellar/neovim/0.5.0/share/nvim/runtime/ftplugin.vim
048.861  000.367  000.367: sourcing /usr/local/Cellar/neovim/0.5.0/share/nvim/runtime/indent.vim
054.465  003.923  003.923: sourcing /Users/zileto/.config/nvim/autoload/plug.vim
058.694  001.634  001.634: sourcing /usr/local/Cellar/neovim/0.5.0/share/nvim/runtime/ftoff.vim
062.958  000.082  000.082: sourcing /Users/zileto/.config/nvim/autoload/plugged/vim-polyglot/filetype.vim
072.233  000.449  000.449: sourcing /Users/zileto/.config/nvim/autoload/plugged/vim-polyglot/ftdetect/polyglot.vim
073.503  010.112  009.663: sourcing /usr/local/Cellar/neovim/0.5.0/share/nvim/runtime/filetype.vim
074.157  000.026  000.026: sourcing /Users/zileto/.config/nvim/autoload/plugged/vim-polyglot/ftdetect/polyglot.vim
094.713  033.401  023.180: sourcing /Users/zileto/.config/nvim/autoload/plugged/vim-polyglot/autoload/polyglot/init.vim
094.740  034.181  000.780: sourcing /Users/zileto/.config/nvim/autoload/plugged/vim-polyglot/filetype.vim
095.014  000.036  000.036: sourcing /usr/local/Cellar/neovim/0.5.0/share/nvim/runtime/filetype.vim
095.832  000.037  000.037: sourcing /usr/local/Cellar/neovim/0.5.0/share/nvim/runtime/ftplugin.vim
097.008  000.088  000.088: sourcing /usr/local/Cellar/neovim/0.5.0/share/nvim/runtime/indent.vim
097.828  048.487  008.586: sourcing /Users/zileto/.config/nvim/vim-plug/plugins.vim
098.987  000.958  000.958: sourcing /Users/zileto/.config/nvim/themes/airline.vim
100.799  001.642  001.642: sourcing /Users/zileto/.config/nvim/plug-config/coc.vim
102.363  000.235  000.235: sourcing /usr/local/Cellar/neovim/0.5.0/share/nvim/runtime/syntax/syncolor.vim
105.074  004.040  003.805: sourcing /Users/zileto/.config/nvim/autoload/plugged/vim-gruvbox8/colors/gruvbox8.vim
105.123  090.721  004.149: sourcing /Users/zileto/.config/nvim/init.vim
105.133  000.613: sourcing vimrc file(s)
108.214  000.765  000.765: sourcing /Users/zileto/.config/nvim/autoload/plugged/vim-airline/autoload/airline/init.vim
109.170  000.438  000.438: sourcing /Users/zileto/.config/nvim/autoload/plugged/vim-airline/autoload/airline/parts.vim
109.900  000.316  000.316: sourcing /Users/zileto/.config/nvim/autoload/plugged/vim-airline/autoload/airline/formatter/short_path.vim
113.047  001.132  001.132: sourcing /Users/zileto/.config/nvim/autoload/plugged/vim-airline/autoload/airline/util.vim
113.270  006.786  004.135: sourcing /Users/zileto/.config/nvim/autoload/plugged/vim-airline/plugin/airline.vim
114.570  000.413  000.413: sourcing /Users/zileto/.config/nvim/autoload/plugged/vim-airline-themes/plugin/airline-themes.vim
119.171  000.875  000.875: sourcing /Users/zileto/.config/nvim/autoload/plugged/vim-airline/autoload/airline.vim
121.118  005.004  004.129: sourcing /Users/zileto/.config/nvim/autoload/plugged/vim-devicons/plugin/webdevicons.vim
123.783  001.107  001.107: sourcing /Users/zileto/.config/nvim/autoload/plugged/NERDTree/autoload/nerdtree.vim
126.212  001.424  001.424: sourcing /Users/zileto/.config/nvim/autoload/plugged/NERDTree/lib/nerdtree/path.vim
127.189  000.752  000.752: sourcing /Users/zileto/.config/nvim/autoload/plugged/NERDTree/lib/nerdtree/menu_controller.vim
127.662  000.256  000.256: sourcing /Users/zileto/.config/nvim/autoload/plugged/NERDTree/lib/nerdtree/menu_item.vim
128.566  000.694  000.694: sourcing /Users/zileto/.config/nvim/autoload/plugged/NERDTree/lib/nerdtree/key_map.vim
130.424  001.098  001.098: sourcing /Users/zileto/.config/nvim/autoload/plugged/NERDTree/lib/nerdtree/bookmark.vim
131.862  001.053  001.053: sourcing /Users/zileto/.config/nvim/autoload/plugged/NERDTree/lib/nerdtree/tree_file_node.vim
134.031  001.657  001.657: sourcing /Users/zileto/.config/nvim/autoload/plugged/NERDTree/lib/nerdtree/tree_dir_node.vim
135.234  000.931  000.931: sourcing /Users/zileto/.config/nvim/autoload/plugged/NERDTree/lib/nerdtree/opener.vim
136.138  000.650  000.650: sourcing /Users/zileto/.config/nvim/autoload/plugged/NERDTree/lib/nerdtree/creator.vim
136.605  000.203  000.203: sourcing /Users/zileto/.config/nvim/autoload/plugged/NERDTree/lib/nerdtree/flag_set.vim
137.419  000.595  000.595: sourcing /Users/zileto/.config/nvim/autoload/plugged/NERDTree/lib/nerdtree/nerdtree.vim
138.731  001.103  001.103: sourcing /Users/zileto/.config/nvim/autoload/plugged/NERDTree/lib/nerdtree/ui.vim
139.107  000.176  000.176: sourcing /Users/zileto/.config/nvim/autoload/plugged/NERDTree/lib/nerdtree/event.vim
139.682  000.367  000.367: sourcing /Users/zileto/.config/nvim/autoload/plugged/NERDTree/lib/nerdtree/notifier.vim
141.247  001.290  001.290: sourcing /Users/zileto/.config/nvim/autoload/plugged/NERDTree/autoload/nerdtree/ui_glue.vim
147.195  001.112  001.112: sourcing /Users/zileto/.config/nvim/autoload/plugged/vim-devicons/nerdtree_plugin/webdevicons.vim
147.970  000.250  000.250: sourcing /Users/zileto/.config/nvim/autoload/plugged/NERDTree/nerdtree_plugin/exec_menuitem.vim
150.476  001.127  001.127: sourcing /usr/local/Cellar/neovim/0.5.0/share/nvim/runtime/autoload/provider/clipboard.vim
151.413  003.321  002.194: sourcing /Users/zileto/.config/nvim/autoload/plugged/NERDTree/nerdtree_plugin/fs_menu.vim
151.774  000.231  000.231: sourcing /Users/zileto/.config/nvim/autoload/plugged/NERDTree/nerdtree_plugin/vcs.vim
152.904  030.869  012.602: sourcing /Users/zileto/.config/nvim/autoload/plugged/NERDTree/plugin/NERD_tree.vim
154.909  001.226  001.226: sourcing /Users/zileto/.config/nvim/autoload/plugged/auto-pairs/plugin/auto-pairs.vim
157.444  000.390  000.390: sourcing /Users/zileto/.config/nvim/autoload/plugged/coc.nvim/autoload/coc/rpc.vim
159.961  002.216  002.216: sourcing /Users/zileto/.config/nvim/autoload/plugged/coc.nvim/autoload/coc/util.vim
162.004  001.441  001.441: sourcing /Users/zileto/.config/nvim/autoload/plugged/coc.nvim/autoload/coc/client.vim
173.035  016.643  012.596: sourcing /Users/zileto/.config/nvim/autoload/plugged/coc.nvim/plugin/coc.vim
177.061  002.600  002.600: sourcing /Users/zileto/.config/nvim/autoload/plugged/vim-polyglot/plugin/polyglot.vim
180.713  001.118  001.118: sourcing /usr/local/Cellar/neovim/0.5.0/share/nvim/runtime/plugin/gzip.vim
181.343  000.301  000.301: sourcing /usr/local/Cellar/neovim/0.5.0/share/nvim/runtime/plugin/health.vim
182.050  000.543  000.543: sourcing /usr/local/Cellar/neovim/0.5.0/share/nvim/runtime/plugin/man.vim
185.859  000.883  000.883: sourcing /usr/local/Cellar/neovim/0.5.0/share/nvim/runtime/pack/dist/opt/matchit/plugin/matchit.vim
186.270  004.064  003.181: sourcing /usr/local/Cellar/neovim/0.5.0/share/nvim/runtime/plugin/matchit.vim
187.289  000.864  000.864: sourcing /usr/local/Cellar/neovim/0.5.0/share/nvim/runtime/plugin/matchparen.vim
189.134  001.606  001.606: sourcing /usr/local/Cellar/neovim/0.5.0/share/nvim/runtime/plugin/netrwPlugin.vim
190.168  000.812  000.812: sourcing /usr/local/Cellar/neovim/0.5.0/share/nvim/runtime/plugin/rplugin.vim
190.986  000.633  000.633: sourcing /usr/local/Cellar/neovim/0.5.0/share/nvim/runtime/plugin/shada.vim
191.480  000.288  000.288: sourcing /usr/local/Cellar/neovim/0.5.0/share/nvim/runtime/plugin/spellfile.vim
192.557  000.899  000.899: sourcing /usr/local/Cellar/neovim/0.5.0/share/nvim/runtime/plugin/tarPlugin.vim
193.688  000.951  000.951: sourcing /usr/local/Cellar/neovim/0.5.0/share/nvim/runtime/plugin/tohtml.vim
194.177  000.340  000.340: sourcing /usr/local/Cellar/neovim/0.5.0/share/nvim/runtime/plugin/tutor.vim
195.744  001.311  001.311: sourcing /usr/local/Cellar/neovim/0.5.0/share/nvim/runtime/plugin/zipPlugin.vim
199.254  016.849: loading plugins
199.588  000.334: loading packages
200.500  000.912: loading after plugins
200.519  000.019: inits 3
202.627  002.108: reading ShaDa
204.999  001.441  001.441: sourcing /Users/zileto/.config/nvim/autoload/plugged/vim-airline/autoload/airline/extensions.vim
205.818  000.566  000.566: sourcing /Users/zileto/.config/nvim/autoload/plugged/vim-airline/autoload/airline/extensions/quickfix.vim
206.668  000.534  000.534: sourcing /Users/zileto/.config/nvim/autoload/plugged/vim-airline/autoload/airline/extensions/netrw.vim
208.523  000.460  000.460: sourcing /Users/zileto/.config/nvim/autoload/plugged/vim-airline/autoload/airline/section.vim
209.696  000.832  000.832: sourcing /Users/zileto/.config/nvim/autoload/plugged/vim-airline/autoload/airline/highlighter.vim
210.318  003.216  001.924: sourcing /Users/zileto/.config/nvim/autoload/plugged/vim-airline/autoload/airline/extensions/term.vim
211.823  000.816  000.816: sourcing /Users/zileto/.config/nvim/autoload/plugged/vim-airline/autoload/airline/extensions/hunks.vim
241.538  000.324  000.324: sourcing /Users/zileto/.config/nvim/autoload/plugged/vim-airline/autoload/airline/extensions/nvimlsp.vim
242.479  000.657  000.657: sourcing /Users/zileto/.config/nvim/autoload/plugged/vim-airline/autoload/airline/extensions/coc.vim
243.808  000.999  000.999: sourcing /Users/zileto/.config/nvim/autoload/plugged/vim-airline/autoload/airline/extensions/whitespace.vim
244.849  000.437  000.437: sourcing /Users/zileto/.config/nvim/autoload/plugged/vim-airline/autoload/airline/extensions/po.vim
245.650  000.408  000.408: sourcing /Users/zileto/.config/nvim/autoload/plugged/vim-airline/autoload/airline/extensions/wordcount.vim
246.899  000.889  000.889: sourcing /Users/zileto/.config/nvim/autoload/plugged/vim-airline/autoload/airline/extensions/tabline.vim
247.389  000.211  000.211: sourcing /Users/zileto/.config/nvim/autoload/plugged/vim-airline/autoload/airline/extensions/tabline/autoshow.vim
248.538  000.624  000.624: sourcing /Users/zileto/.config/nvim/autoload/plugged/vim-airline/autoload/airline/extensions/tabline/tabs.vim
249.629  000.810  000.810: sourcing /Users/zileto/.config/nvim/autoload/plugged/vim-airline/autoload/airline/extensions/tabline/buffers.vim
250.543  000.343  000.343: sourcing /Users/zileto/.config/nvim/autoload/plugged/vim-airline/autoload/airline/extensions/keymap.vim
252.027  000.591  000.591: sourcing /Users/zileto/.config/nvim/autoload/plugged/vim-airline/autoload/airline/extensions/searchcount.vim
283.012  000.433  000.433: sourcing /Users/zileto/.config/nvim/autoload/plugged/vim-airline/autoload/airline/themes.vim
285.896  003.750  003.317: sourcing /Users/zileto/.config/nvim/autoload/plugged/vim-gruvbox8/autoload/airline/themes/gruvbox8.vim
288.800  007.602  003.852: sourcing /Users/zileto/.config/nvim/autoload/plugged/vim-gruvbox8/autoload/airline/themes/gruvbox8.vim
331.170  001.030  001.030: sourcing /Users/zileto/.config/nvim/autoload/plugged/vim-airline/autoload/airline/builder.vim
332.655  000.495  000.495: sourcing /Users/zileto/.config/nvim/autoload/plugged/vim-airline/autoload/airline/extensions/default.vim
431.627  207.008: opening buffers
434.969  002.016  002.016: sourcing /Users/zileto/.config/nvim/autoload/plugged/vim-polyglot/autoload/polyglot/sleuth.vim
436.904  003.261: BufEnter autocommands
436.909  000.005: editing files in windows
437.580  000.670: VimEnter autocommands
437.584  000.005: UIEnter autocommands
437.590  000.005: before starting main loop
440.449  002.501  002.501: sourcing /Users/zileto/.config/nvim/autoload/plugged/coc.nvim/autoload/coc/float.vim
441.860  000.700  000.700: sourcing /Users/zileto/.config/nvim/autoload/plugged/vim-airline/autoload/airline/extensions/tabline/ctrlspace.vim
442.638  000.549  000.549: sourcing /Users/zileto/.config/nvim/autoload/plugged/vim-airline/autoload/airline/extensions/tabline/tabws.vim
443.830  000.688  000.688: sourcing /Users/zileto/.config/nvim/autoload/plugged/vim-airline/autoload/airline/extensions/tabline/builder.vim
444.502  000.350  000.350: sourcing /Users/zileto/.config/nvim/autoload/plugged/vim-airline/autoload/airline/extensions/tabline/buflist.vim
450.049  000.382  000.382: sourcing /Users/zileto/.config/nvim/autoload/plugged/vim-devicons/autoload/airline/extensions/tabline/formatters/webdevicons.vim
450.526  000.248  000.248: sourcing /Users/zileto/.config/nvim/autoload/plugged/vim-airline/autoload/airline/extensions/tabline/formatters/default.vim
459.558  016.551: first screen update
459.563  000.005: --- NVIM STARTED ---


times in msec
 clock   self+sourced   self:  sourced script
 clock   elapsed:              other lines

000.011  000.011: --- NVIM STARTING ---
000.930  000.920: locale set
010.433  009.502: inits 1
010.472  000.039: window checked
010.483  000.011: parsing arguments
010.828  000.345: expanding arguments
010.939  000.112: inits 2
011.552  000.613: init highlight
011.556  000.004: waiting for UI
014.785  003.229: done waiting for UI
014.807  000.023: initialized screen early for UI
016.399  000.375  000.375: sourcing /usr/local/Cellar/neovim/0.5.0/share/nvim/runtime/syntax/syncolor.vim
016.988  001.217  000.842: sourcing /usr/local/Cellar/neovim/0.5.0/share/nvim/runtime/syntax/synload.vim
028.612  011.420  011.420: sourcing /usr/local/Cellar/neovim/0.5.0/share/nvim/runtime/filetype.vim
030.250  000.718  000.718: sourcing /usr/local/Cellar/neovim/0.5.0/share/nvim/runtime/scripts.vim
030.699  015.183  001.828: sourcing /usr/local/Cellar/neovim/0.5.0/share/nvim/runtime/syntax/syntax.vim
032.501  001.573  001.573: sourcing /usr/local/Cellar/neovim/0.5.0/share/nvim/runtime/ftoff.vim
042.161  009.095  009.095: sourcing /usr/local/Cellar/neovim/0.5.0/share/nvim/runtime/filetype.vim
043.127  000.103  000.103: sourcing /usr/local/Cellar/neovim/0.5.0/share/nvim/runtime/ftplugin.vim
043.953  000.063  000.063: sourcing /usr/local/Cellar/neovim/0.5.0/share/nvim/runtime/indent.vim
047.612  002.986  002.986: sourcing /Users/zileto/.config/nvim/autoload/plug.vim
053.047  002.075  002.075: sourcing /usr/local/Cellar/neovim/0.5.0/share/nvim/runtime/ftoff.vim
057.138  000.029  000.029: sourcing /Users/zileto/.config/nvim/autoload/plugged/vim-polyglot/filetype.vim
065.948  000.034  000.034: sourcing /Users/zileto/.config/nvim/autoload/plugged/vim-polyglot/ftdetect/polyglot.vim
067.259  009.888  009.854: sourcing /usr/local/Cellar/neovim/0.5.0/share/nvim/runtime/filetype.vim
067.953  000.026  000.026: sourcing /Users/zileto/.config/nvim/autoload/plugged/vim-polyglot/ftdetect/polyglot.vim
089.365  033.186  023.243: sourcing /Users/zileto/.config/nvim/autoload/plugged/vim-polyglot/autoload/polyglot/init.vim
089.397  033.452  000.266: sourcing /Users/zileto/.config/nvim/autoload/plugged/vim-polyglot/filetype.vim
089.684  000.038  000.038: sourcing /usr/local/Cellar/neovim/0.5.0/share/nvim/runtime/filetype.vim
090.406  000.029  000.029: sourcing /usr/local/Cellar/neovim/0.5.0/share/nvim/runtime/ftplugin.vim
091.074  000.029  000.029: sourcing /usr/local/Cellar/neovim/0.5.0/share/nvim/runtime/indent.vim
091.538  047.094  008.485: sourcing /Users/zileto/.config/nvim/vim-plug/plugins.vim
091.744  000.083  000.083: sourcing /Users/zileto/.config/nvim/themes/airline.vim
092.533  000.682  000.682: sourcing /Users/zileto/.config/nvim/plug-config/coc.vim
093.585  000.231  000.231: sourcing /usr/local/Cellar/neovim/0.5.0/share/nvim/runtime/syntax/syncolor.vim
095.302  002.588  002.357: sourcing /Users/zileto/.config/nvim/autoload/plugged/vim-gruvbox8/colors/gruvbox8.vim
095.346  079.983  003.518: sourcing /Users/zileto/.config/nvim/init.vim
095.355  000.564: sourcing vimrc file(s)
096.878  000.157  000.157: sourcing /Users/zileto/.config/nvim/autoload/plugged/vim-airline/autoload/airline/init.vim
097.528  000.159  000.159: sourcing /Users/zileto/.config/nvim/autoload/plugged/vim-airline/autoload/airline/parts.vim
097.915  000.039  000.039: sourcing /Users/zileto/.config/nvim/autoload/plugged/vim-airline/autoload/airline/formatter/short_path.vim
099.958  000.330  000.330: sourcing /Users/zileto/.config/nvim/autoload/plugged/vim-airline/autoload/airline/util.vim
100.117  003.858  003.173: sourcing /Users/zileto/.config/nvim/autoload/plugged/vim-airline/plugin/airline.vim
100.507  000.064  000.064: sourcing /Users/zileto/.config/nvim/autoload/plugged/vim-airline-themes/plugin/airline-themes.vim
102.574  000.264  000.264: sourcing /Users/zileto/.config/nvim/autoload/plugged/vim-airline/autoload/airline.vim
104.995  004.011  003.746: sourcing /Users/zileto/.config/nvim/autoload/plugged/vim-devicons/plugin/webdevicons.vim
106.065  000.288  000.288: sourcing /Users/zileto/.config/nvim/autoload/plugged/NERDTree/autoload/nerdtree.vim
107.278  000.584  000.584: sourcing /Users/zileto/.config/nvim/autoload/plugged/NERDTree/lib/nerdtree/path.vim
107.686  000.194  000.194: sourcing /Users/zileto/.config/nvim/autoload/plugged/NERDTree/lib/nerdtree/menu_controller.vim
108.008  000.107  000.107: sourcing /Users/zileto/.config/nvim/autoload/plugged/NERDTree/lib/nerdtree/menu_item.vim
108.411  000.207  000.207: sourcing /Users/zileto/.config/nvim/autoload/plugged/NERDTree/lib/nerdtree/key_map.vim
108.975  000.323  000.323: sourcing /Users/zileto/.config/nvim/autoload/plugged/NERDTree/lib/nerdtree/bookmark.vim
109.474  000.284  000.284: sourcing /Users/zileto/.config/nvim/autoload/plugged/NERDTree/lib/nerdtree/tree_file_node.vim
110.250  000.547  000.547: sourcing /Users/zileto/.config/nvim/autoload/plugged/NERDTree/lib/nerdtree/tree_dir_node.vim
110.718  000.236  000.236: sourcing /Users/zileto/.config/nvim/autoload/plugged/NERDTree/lib/nerdtree/opener.vim
111.235  000.288  000.288: sourcing /Users/zileto/.config/nvim/autoload/plugged/NERDTree/lib/nerdtree/creator.vim
111.514  000.077  000.077: sourcing /Users/zileto/.config/nvim/autoload/plugged/NERDTree/lib/nerdtree/flag_set.vim
111.888  000.177  000.177: sourcing /Users/zileto/.config/nvim/autoload/plugged/NERDTree/lib/nerdtree/nerdtree.vim
112.496  000.407  000.407: sourcing /Users/zileto/.config/nvim/autoload/plugged/NERDTree/lib/nerdtree/ui.vim
112.768  000.050  000.050: sourcing /Users/zileto/.config/nvim/autoload/plugged/NERDTree/lib/nerdtree/event.vim
113.040  000.074  000.074: sourcing /Users/zileto/.config/nvim/autoload/plugged/NERDTree/lib/nerdtree/notifier.vim
113.833  000.574  000.574: sourcing /Users/zileto/.config/nvim/autoload/plugged/NERDTree/autoload/nerdtree/ui_glue.vim
118.760  000.538  000.538: sourcing /Users/zileto/.config/nvim/autoload/plugged/vim-devicons/nerdtree_plugin/webdevicons.vim
119.960  000.360  000.360: sourcing /Users/zileto/.config/nvim/autoload/plugged/NERDTree/nerdtree_plugin/exec_menuitem.vim
122.376  000.465  000.465: sourcing /usr/local/Cellar/neovim/0.5.0/share/nvim/runtime/autoload/provider/clipboard.vim
122.861  002.584  002.119: sourcing /Users/zileto/.config/nvim/autoload/plugged/NERDTree/nerdtree_plugin/fs_menu.vim
123.133  000.089  000.089: sourcing /Users/zileto/.config/nvim/autoload/plugged/NERDTree/nerdtree_plugin/vcs.vim
124.444  019.035  011.049: sourcing /Users/zileto/.config/nvim/autoload/plugged/NERDTree/plugin/NERD_tree.vim
125.351  000.577  000.577: sourcing /Users/zileto/.config/nvim/autoload/plugged/auto-pairs/plugin/auto-pairs.vim
126.165  000.144  000.144: sourcing /Users/zileto/.config/nvim/autoload/plugged/coc.nvim/autoload/coc/rpc.vim
128.093  001.686  001.686: sourcing /Users/zileto/.config/nvim/autoload/plugged/coc.nvim/autoload/coc/util.vim
129.154  000.589  000.589: sourcing /Users/zileto/.config/nvim/autoload/plugged/coc.nvim/autoload/coc/client.vim
137.863  012.195  009.775: sourcing /Users/zileto/.config/nvim/autoload/plugged/coc.nvim/plugin/coc.vim
140.649  002.090  002.090: sourcing /Users/zileto/.config/nvim/autoload/plugged/vim-polyglot/plugin/polyglot.vim
142.754  000.682  000.682: sourcing /usr/local/Cellar/neovim/0.5.0/share/nvim/runtime/plugin/gzip.vim
143.004  000.044  000.044: sourcing /usr/local/Cellar/neovim/0.5.0/share/nvim/runtime/plugin/health.vim
143.307  000.168  000.168: sourcing /usr/local/Cellar/neovim/0.5.0/share/nvim/runtime/plugin/man.vim
145.568  000.297  000.297: sourcing /usr/local/Cellar/neovim/0.5.0/share/nvim/runtime/pack/dist/opt/matchit/plugin/matchit.vim
145.890  002.451  002.153: sourcing /usr/local/Cellar/neovim/0.5.0/share/nvim/runtime/plugin/matchit.vim
146.327  000.312  000.312: sourcing /usr/local/Cellar/neovim/0.5.0/share/nvim/runtime/plugin/matchparen.vim
147.197  000.741  000.741: sourcing /usr/local/Cellar/neovim/0.5.0/share/nvim/runtime/plugin/netrwPlugin.vim
147.710  000.367  000.367: sourcing /usr/local/Cellar/neovim/0.5.0/share/nvim/runtime/plugin/rplugin.vim
148.031  000.178  000.178: sourcing /usr/local/Cellar/neovim/0.5.0/share/nvim/runtime/plugin/shada.vim
148.278  000.056  000.056: sourcing /usr/local/Cellar/neovim/0.5.0/share/nvim/runtime/plugin/spellfile.vim
148.642  000.230  000.230: sourcing /usr/local/Cellar/neovim/0.5.0/share/nvim/runtime/plugin/tarPlugin.vim
148.938  000.166  000.166: sourcing /usr/local/Cellar/neovim/0.5.0/share/nvim/runtime/plugin/tohtml.vim
149.123  000.052  000.052: sourcing /usr/local/Cellar/neovim/0.5.0/share/nvim/runtime/plugin/tutor.vim
149.536  000.279  000.279: sourcing /usr/local/Cellar/neovim/0.5.0/share/nvim/runtime/plugin/zipPlugin.vim
152.619  009.709: loading plugins
153.309  000.690: loading packages
155.696  002.387: loading after plugins
155.723  000.027: inits 3
158.084  002.360: reading ShaDa
159.439  000.575  000.575: sourcing /Users/zileto/.config/nvim/autoload/plugged/vim-airline/autoload/airline/extensions.vim
159.786  000.106  000.106: sourcing /Users/zileto/.config/nvim/autoload/plugged/vim-airline/autoload/airline/extensions/quickfix.vim
160.187  000.079  000.079: sourcing /Users/zileto/.config/nvim/autoload/plugged/vim-airline/autoload/airline/extensions/netrw.vim
160.894  000.147  000.147: sourcing /Users/zileto/.config/nvim/autoload/plugged/vim-airline/autoload/airline/section.vim
161.496  000.306  000.306: sourcing /Users/zileto/.config/nvim/autoload/plugged/vim-airline/autoload/airline/highlighter.vim
161.930  001.473  001.019: sourcing /Users/zileto/.config/nvim/autoload/plugged/vim-airline/autoload/airline/extensions/term.vim
162.409  000.165  000.165: sourcing /Users/zileto/.config/nvim/autoload/plugged/vim-airline/autoload/airline/extensions/hunks.vim
176.400  000.120  000.120: sourcing /Users/zileto/.config/nvim/autoload/plugged/vim-airline/autoload/airline/extensions/nvimlsp.vim
176.788  000.102  000.102: sourcing /Users/zileto/.config/nvim/autoload/plugged/vim-airline/autoload/airline/extensions/coc.vim
177.336  000.228  000.228: sourcing /Users/zileto/.config/nvim/autoload/plugged/vim-airline/autoload/airline/extensions/whitespace.vim
178.085  000.126  000.126: sourcing /Users/zileto/.config/nvim/autoload/plugged/vim-airline/autoload/airline/extensions/po.vim
178.475  000.156  000.156: sourcing /Users/zileto/.config/nvim/autoload/plugged/vim-airline/autoload/airline/extensions/wordcount.vim
178.964  000.262  000.262: sourcing /Users/zileto/.config/nvim/autoload/plugged/vim-airline/autoload/airline/extensions/tabline.vim
179.280  000.097  000.097: sourcing /Users/zileto/.config/nvim/autoload/plugged/vim-airline/autoload/airline/extensions/tabline/autoshow.vim
179.998  000.157  000.157: sourcing /Users/zileto/.config/nvim/autoload/plugged/vim-airline/autoload/airline/extensions/tabline/tabs.vim
180.646  000.276  000.276: sourcing /Users/zileto/.config/nvim/autoload/plugged/vim-airline/autoload/airline/extensions/tabline/buffers.vim
181.181  000.076  000.076: sourcing /Users/zileto/.config/nvim/autoload/plugged/vim-airline/autoload/airline/extensions/keymap.vim
182.146  000.096  000.096: sourcing /Users/zileto/.config/nvim/autoload/plugged/vim-airline/autoload/airline/extensions/searchcount.vim
208.202  000.114  000.114: sourcing /Users/zileto/.config/nvim/autoload/plugged/vim-airline/autoload/airline/themes.vim
210.786  003.006  002.892: sourcing /Users/zileto/.config/nvim/autoload/plugged/vim-gruvbox8/autoload/airline/themes/gruvbox8.vim
213.737  006.249  003.242: sourcing /Users/zileto/.config/nvim/autoload/plugged/vim-gruvbox8/autoload/airline/themes/gruvbox8.vim
258.759  000.406  000.406: sourcing /Users/zileto/.config/nvim/autoload/plugged/vim-airline/autoload/airline/builder.vim
259.540  000.147  000.147: sourcing /Users/zileto/.config/nvim/autoload/plugged/vim-airline/autoload/airline/extensions/default.vim
349.382  180.401: opening buffers
351.727  001.127  001.127: sourcing /Users/zileto/.config/nvim/autoload/plugged/vim-polyglot/autoload/polyglot/sleuth.vim
354.559  004.050: BufEnter autocommands
354.567  000.008: editing files in windows
355.519  000.952: VimEnter autocommands
355.526  000.007: UIEnter autocommands
355.531  000.005: before starting main loop
357.324  001.389  001.389: sourcing /Users/zileto/.config/nvim/autoload/plugged/coc.nvim/autoload/coc/float.vim
358.213  000.196  000.196: sourcing /Users/zileto/.config/nvim/autoload/plugged/vim-airline/autoload/airline/extensions/tabline/ctrlspace.vim
358.590  000.164  000.164: sourcing /Users/zileto/.config/nvim/autoload/plugged/vim-airline/autoload/airline/extensions/tabline/tabws.vim
359.306  000.244  000.244: sourcing /Users/zileto/.config/nvim/autoload/plugged/vim-airline/autoload/airline/extensions/tabline/builder.vim
359.678  000.115  000.115: sourcing /Users/zileto/.config/nvim/autoload/plugged/vim-airline/autoload/airline/extensions/tabline/buflist.vim
363.876  000.065  000.065: sourcing /Users/zileto/.config/nvim/autoload/plugged/vim-devicons/autoload/airline/extensions/tabline/formatters/webdevicons.vim
364.172  000.095  000.095: sourcing /Users/zileto/.config/nvim/autoload/plugged/vim-airline/autoload/airline/extensions/tabline/formatters/default.vim
373.069  015.272: first screen update
373.074  000.005: --- NVIM STARTED ---
